<?xml version="1.0" encoding="UTF-8"?>
<!-- Generated by org.testng.reporters.JUnitReportReporter -->
<testsuite hostname="KairosHW0441" failures="0" tests="1" name="com.GoogleService.Testcases.TC_AdvancedSearchOption" time="6.223" errors="0" timestamp="2023-06-13T14:07:35 IST" skipped="0">
  <testcase classname="com.GoogleService.Testcases.TC_AdvancedSearchOption" name="googleHomePageTest" time="6.223"/>
</testsuite> <!-- com.GoogleService.Testcases.TC_AdvancedSearchOption -->
