<?xml version="1.0" encoding="UTF-8"?>
<!-- Generated by org.testng.reporters.JUnitReportReporter -->
<testsuite hostname="KairosHW0441" failures="0" tests="1" name="com.GoogleService.Testcases.TC_AdvancedSearchOptionTest" time="4.319" errors="0" timestamp="2023-06-15T11:21:44 IST" skipped="0">
  <testcase classname="com.GoogleService.Testcases.TC_AdvancedSearchOptionTest" name="googleHomePageTest" time="4.319"/>
</testsuite> <!-- com.GoogleService.Testcases.TC_AdvancedSearchOptionTest -->
